<?xml version="1.0" encoding="UTF-8"?>
<testsuite name="PalindromeTest" tests="4" skipped="0" failures="0" errors="0" timestamp="2019-07-21T03:17:21" hostname="INdeepacheris-MacBook-Air.local" time="0.004">
  <properties/>
  <testcase name="testShouldNotBeAPalindrome" classname="PalindromeTest" time="0.002"/>
  <testcase name="testSentenceWithSpecialCharactersShouldNotBeAPalindrome" classname="PalindromeTest" time="0.0"/>
  <testcase name="testEmptyStringShouldBeAPalindrome" classname="PalindromeTest" time="0.0"/>
  <testcase name="testSentenceShouldBeAPalindrome" classname="PalindromeTest" time="0.0"/>
  <system-out><![CDATA[]]></system-out>
  <system-err><![CDATA[]]></system-err>
</testsuite>
